<?xml version="1.0" encoding="UTF-8"?>
<!-- Generated by org.testng.reporters.JUnitReportReporter -->
<testsuite hostname="LAPTOP-9S39B2OB" failures="0" tests="2" name="cucumber.TestNGTestRunner" time="24.183" errors="0" timestamp="2024-09-03T15:54:10 IST" skipped="0">
  <testcase classname="cucumber.TestNGTestRunner" name="runScenario" time="14.128"/>
  <testcase classname="cucumber.TestNGTestRunner" name="runScenario" time="10.055"/>
</testsuite> <!-- cucumber.TestNGTestRunner -->
